This file contains any messages produced by compilers while
running configure, to aid debugging if configure makes a mistake.

It was created by gsandia configure 0.1, which was
generated by GNU Autoconf 2.64.  Invocation command line was

  $ /home/jgblanco/coding/gsandia/configure --enable-maintainer-mode

## --------- ##
## Platform. ##
## --------- ##

hostname = pavilion
uname -m = x86_64
uname -r = 2.6.30-ARCH
uname -s = Linux
uname -v = #1 SMP PREEMPT Mon Jul 20 07:46:03 CEST 2009

/usr/bin/uname -p = unknown
/bin/uname -X     = unknown

/bin/arch              = x86_64
/usr/bin/arch -k       = unknown
/usr/convex/getsysinfo = unknown
/usr/bin/hostinfo      = unknown
/bin/machine           = unknown
/usr/bin/oslevel       = unknown
/bin/universe          = unknown

PATH: /bin
PATH: /usr/bin
PATH: /sbin
PATH: /usr/sbin
PATH: /usr/bin/perlbin/site
PATH: /usr/bin/perlbin/vendor
PATH: /usr/bin/perlbin/core


## ----------- ##
## Core tests. ##
## ----------- ##

configure:2398: checking for a BSD-compatible install
configure:2466: result: /bin/install -c
configure:2477: checking whether build environment is sane
configure:2527: result: yes
configure:2668: checking for a thread-safe mkdir -p
configure:2707: result: /bin/mkdir -p
configure:2720: checking for gawk
configure:2736: found /bin/gawk
configure:2747: result: gawk
configure:2758: checking whether make sets $(MAKE)
configure:2780: result: yes
configure:2863: checking whether to enable maintainer-specific portions of Makefiles
configure:2872: result: yes
configure:2898: checking for style of include used by make
configure:2926: result: GNU
configure:2996: checking for gcc
configure:3012: found /usr/bin/gcc
configure:3023: result: gcc
configure:3252: checking for C compiler version
configure:3261: gcc --version >&5
gcc (GCC) 4.4.1
Copyright (C) 2009 Free Software Foundation, Inc.
This is free software; see the source for copying conditions.  There is NO
warranty; not even for MERCHANTABILITY or FITNESS FOR A PARTICULAR PURPOSE.

configure:3272: $? = 0
configure:3261: gcc -v >&5
Using built-in specs.
Target: x86_64-unknown-linux-gnu
Configured with: ../configure --prefix=/usr --enable-shared --enable-languages=c,c++,fortran,objc,obj-c++ --enable-threads=posix --mandir=/usr/share/man --infodir=/usr/share/info --enable-__cxa_atexit --disable-multilib --libdir=/usr/lib --libexecdir=/usr/lib --enable-clocale=gnu --disable-libstdcxx-pch --with-tune=generic
Thread model: posix
gcc version 4.4.1 (GCC) 
configure:3272: $? = 0
configure:3261: gcc -V >&5
gcc: '-V' option must have argument
configure:3272: $? = 1
configure:3261: gcc -qversion >&5
gcc: unrecognized option '-qversion'
gcc: no input files
configure:3272: $? = 1
configure:3294: checking for C compiler default output file name
configure:3316: gcc    conftest.c  >&5
configure:3320: $? = 0
configure:3357: result: a.out
configure:3373: checking whether the C compiler works
configure:3382: ./a.out
configure:3386: $? = 0
configure:3401: result: yes
configure:3408: checking whether we are cross compiling
configure:3410: result: no
configure:3413: checking for suffix of executables
configure:3420: gcc -o conftest    conftest.c  >&5
configure:3424: $? = 0
configure:3446: result: 
configure:3452: checking for suffix of object files
configure:3474: gcc -c   conftest.c >&5
configure:3478: $? = 0
configure:3499: result: o
configure:3503: checking whether we are using the GNU C compiler
configure:3522: gcc -c   conftest.c >&5
configure:3522: $? = 0
configure:3531: result: yes
configure:3540: checking whether gcc accepts -g
configure:3560: gcc -c -g  conftest.c >&5
configure:3560: $? = 0
configure:3601: result: yes
configure:3618: checking for gcc option to accept ISO C89
configure:3682: gcc  -c -g -O2  conftest.c >&5
configure:3682: $? = 0
configure:3695: result: none needed
configure:3717: checking dependency style of gcc
configure:3827: result: gcc3
configure:3843: checking for library containing strerror
configure:3874: gcc -o conftest -g -O2   conftest.c  >&5
configure:3874: $? = 0
configure:3891: result: none required
configure:3947: checking for gcc
configure:3974: result: gcc
configure:4203: checking for C compiler version
configure:4212: gcc --version >&5
gcc (GCC) 4.4.1
Copyright (C) 2009 Free Software Foundation, Inc.
This is free software; see the source for copying conditions.  There is NO
warranty; not even for MERCHANTABILITY or FITNESS FOR A PARTICULAR PURPOSE.

configure:4223: $? = 0
configure:4212: gcc -v >&5
Using built-in specs.
Target: x86_64-unknown-linux-gnu
Configured with: ../configure --prefix=/usr --enable-shared --enable-languages=c,c++,fortran,objc,obj-c++ --enable-threads=posix --mandir=/usr/share/man --infodir=/usr/share/info --enable-__cxa_atexit --disable-multilib --libdir=/usr/lib --libexecdir=/usr/lib --enable-clocale=gnu --disable-libstdcxx-pch --with-tune=generic
Thread model: posix
gcc version 4.4.1 (GCC) 
configure:4223: $? = 0
configure:4212: gcc -V >&5
gcc: '-V' option must have argument
configure:4223: $? = 1
configure:4212: gcc -qversion >&5
gcc: unrecognized option '-qversion'
gcc: no input files
configure:4223: $? = 1
configure:4227: checking whether we are using the GNU C compiler
configure:4255: result: yes
configure:4264: checking whether gcc accepts -g
configure:4325: result: yes
configure:4342: checking for gcc option to accept ISO C89
configure:4419: result: none needed
configure:4441: checking dependency style of gcc
configure:4551: result: gcc3
configure:4614: checking for gcc
configure:4641: result: gcc
configure:4870: checking for C compiler version
configure:4879: gcc --version >&5
gcc (GCC) 4.4.1
Copyright (C) 2009 Free Software Foundation, Inc.
This is free software; see the source for copying conditions.  There is NO
warranty; not even for MERCHANTABILITY or FITNESS FOR A PARTICULAR PURPOSE.

configure:4890: $? = 0
configure:4879: gcc -v >&5
Using built-in specs.
Target: x86_64-unknown-linux-gnu
Configured with: ../configure --prefix=/usr --enable-shared --enable-languages=c,c++,fortran,objc,obj-c++ --enable-threads=posix --mandir=/usr/share/man --infodir=/usr/share/info --enable-__cxa_atexit --disable-multilib --libdir=/usr/lib --libexecdir=/usr/lib --enable-clocale=gnu --disable-libstdcxx-pch --with-tune=generic
Thread model: posix
gcc version 4.4.1 (GCC) 
configure:4890: $? = 0
configure:4879: gcc -V >&5
gcc: '-V' option must have argument
configure:4890: $? = 1
configure:4879: gcc -qversion >&5
gcc: unrecognized option '-qversion'
gcc: no input files
configure:4890: $? = 1
configure:4894: checking whether we are using the GNU C compiler
configure:4922: result: yes
configure:4931: checking whether gcc accepts -g
configure:4992: result: yes
configure:5009: checking for gcc option to accept ISO C89
configure:5086: result: none needed
configure:5108: checking dependency style of gcc
configure:5218: result: gcc3
configure:5241: checking how to run the C preprocessor
configure:5272: gcc -E  conftest.c
configure:5272: $? = 0
configure:5286: gcc -E  conftest.c
conftest.c:11:28: error: ac_nonexistent.h: No such file or directory
configure:5286: $? = 1
configure: failed program was:
| /* confdefs.h */
| #define PACKAGE_NAME "gsandia"
| #define PACKAGE_TARNAME "gsandia"
| #define PACKAGE_VERSION "0.1"
| #define PACKAGE_STRING "gsandia 0.1"
| #define PACKAGE_BUGREPORT ""
| #define PACKAGE_URL ""
| #define PACKAGE "gsandia"
| #define VERSION "0.1"
| /* end confdefs.h.  */
| #include <ac_nonexistent.h>
configure:5311: result: gcc -E
configure:5331: gcc -E  conftest.c
configure:5331: $? = 0
configure:5345: gcc -E  conftest.c
conftest.c:11:28: error: ac_nonexistent.h: No such file or directory
configure:5345: $? = 1
configure: failed program was:
| /* confdefs.h */
| #define PACKAGE_NAME "gsandia"
| #define PACKAGE_TARNAME "gsandia"
| #define PACKAGE_VERSION "0.1"
| #define PACKAGE_STRING "gsandia 0.1"
| #define PACKAGE_BUGREPORT ""
| #define PACKAGE_URL ""
| #define PACKAGE "gsandia"
| #define VERSION "0.1"
| /* end confdefs.h.  */
| #include <ac_nonexistent.h>
configure:5374: checking for grep that handles long lines and -e
configure:5432: result: /bin/grep
configure:5437: checking for egrep
configure:5499: result: /bin/grep -E
configure:5504: checking for ANSI C header files
configure:5524: gcc -c -g -O2  conftest.c >&5
configure:5524: $? = 0
configure:5597: gcc -o conftest -g -O2   conftest.c  >&5
configure:5597: $? = 0
configure:5597: ./conftest
configure:5597: $? = 0
configure:5608: result: yes
configure:5632: checking for sys/types.h
configure:5632: gcc -c -g -O2  conftest.c >&5
configure:5632: $? = 0
configure:5632: result: yes
configure:5632: checking for sys/stat.h
configure:5632: gcc -c -g -O2  conftest.c >&5
configure:5632: $? = 0
configure:5632: result: yes
configure:5632: checking for stdlib.h
configure:5632: gcc -c -g -O2  conftest.c >&5
configure:5632: $? = 0
configure:5632: result: yes
configure:5632: checking for string.h
configure:5632: gcc -c -g -O2  conftest.c >&5
configure:5632: $? = 0
configure:5632: result: yes
configure:5632: checking for memory.h
configure:5632: gcc -c -g -O2  conftest.c >&5
configure:5632: $? = 0
configure:5632: result: yes
configure:5632: checking for strings.h
configure:5632: gcc -c -g -O2  conftest.c >&5
configure:5632: $? = 0
configure:5632: result: yes
configure:5632: checking for inttypes.h
configure:5632: gcc -c -g -O2  conftest.c >&5
configure:5632: $? = 0
configure:5632: result: yes
configure:5632: checking for stdint.h
configure:5632: gcc -c -g -O2  conftest.c >&5
configure:5632: $? = 0
configure:5632: result: yes
configure:5632: checking for unistd.h
configure:5632: gcc -c -g -O2  conftest.c >&5
configure:5632: $? = 0
configure:5632: result: yes
configure:5648: checking locale.h usability
configure:5648: gcc -c -g -O2  conftest.c >&5
configure:5648: $? = 0
configure:5648: result: yes
configure:5648: checking locale.h presence
configure:5648: gcc -E  conftest.c
configure:5648: $? = 0
configure:5648: result: yes
configure:5648: checking for locale.h
configure:5648: result: yes
configure:5659: checking for LC_MESSAGES
configure:5675: gcc -o conftest -g -O2   conftest.c  >&5
configure:5675: $? = 0
configure:5683: result: yes
configure:5700: checking libintl.h usability
configure:5700: gcc -c -g -O2  conftest.c >&5
configure:5700: $? = 0
configure:5700: result: yes
configure:5700: checking libintl.h presence
configure:5700: gcc -E  conftest.c
configure:5700: $? = 0
configure:5700: result: yes
configure:5700: checking for libintl.h
configure:5700: result: yes
configure:5708: checking for ngettext in libc
configure:5726: gcc -o conftest -g -O2   conftest.c  >&5
configure:5726: $? = 0
configure:5735: result: yes
configure:5739: checking for dgettext in libc
configure:5757: gcc -o conftest -g -O2   conftest.c  >&5
configure:5757: $? = 0
configure:5766: result: yes
configure:5773: checking for bind_textdomain_codeset
configure:5773: gcc -o conftest -g -O2   conftest.c  >&5
configure:5773: $? = 0
configure:5773: result: yes
configure:6049: checking for msgfmt
configure:6076: result: /usr/bin/msgfmt
configure:6087: checking for dcgettext
configure:6087: gcc -o conftest -g -O2   conftest.c   >&5
conftest.c:49: warning: conflicting types for built-in function 'dcgettext'
configure:6087: $? = 0
configure:6087: result: yes
configure:6097: checking if msgfmt accepts -c
configure:6112: $MSGFMT -c -o /dev/null conftest.foo
configure:6115: $? = 0
configure:6117: result: yes
configure:6127: checking for gmsgfmt
configure:6158: result: /usr/bin/msgfmt
configure:6168: checking for xgettext
configure:6195: result: /usr/bin/xgettext
configure:6214: gcc -o conftest -g -O2   conftest.c   >&5
configure:6214: $? = 0
configure:6350: checking whether NLS is requested
configure:6359: result: yes
configure:6374: checking for intltool >= 0.35.0
configure:6381: result: 0.40.6 found
configure:6389: checking for intltool-update
configure:6407: found /usr/bin/intltool-update
configure:6419: result: /usr/bin/intltool-update
configure:6429: checking for intltool-merge
configure:6447: found /usr/bin/intltool-merge
configure:6459: result: /usr/bin/intltool-merge
configure:6469: checking for intltool-extract
configure:6487: found /usr/bin/intltool-extract
configure:6499: result: /usr/bin/intltool-extract
configure:6630: checking for xgettext
configure:6660: result: /usr/bin/xgettext
configure:6670: checking for msgmerge
configure:6688: found /usr/bin/msgmerge
configure:6700: result: /usr/bin/msgmerge
configure:6710: checking for msgfmt
configure:6740: result: /usr/bin/msgfmt
configure:6750: checking for gmsgfmt
configure:6781: result: /usr/bin/msgfmt
configure:6801: checking for perl
configure:6819: found /usr/bin/perl
configure:6831: result: /usr/bin/perl
configure:6842: checking for perl >= 5.8.1
configure:6849: result: 5.10.0
configure:6853: checking for XML::Parser
configure:6856: result: ok
configure:6939: checking build system type
configure:6953: result: x86_64-unknown-linux-gnu
configure:6973: checking host system type
configure:6986: result: x86_64-unknown-linux-gnu
configure:7006: checking for a sed that does not truncate output
configure:7070: result: /bin/sed
configure:7088: checking for fgrep
configure:7150: result: /bin/grep -F
configure:7185: checking for ld used by gcc
configure:7252: result: /usr/bin/ld
configure:7259: checking if the linker (/usr/bin/ld) is GNU ld
configure:7274: result: yes
configure:7286: checking for BSD- or MS-compatible name lister (nm)
configure:7335: result: /usr/bin/nm -B
configure:7453: checking the name lister (/usr/bin/nm -B) interface
configure:7460: gcc -c -g -O2  conftest.c >&5
configure:7463: /usr/bin/nm -B "conftest.o"
configure:7466: output
0000000000000000 B some_variable
configure:7473: result: BSD nm
configure:7476: checking whether ln -s works
configure:7480: result: yes
configure:7488: checking the maximum length of command line arguments
configure:7608: result: 1572864
configure:7625: checking whether the shell understands some XSI constructs
configure:7635: result: yes
configure:7639: checking whether the shell understands "+="
configure:7645: result: yes
configure:7680: checking for /usr/bin/ld option to reload object files
configure:7687: result: -r
configure:7756: checking for objdump
configure:7772: found /usr/bin/objdump
configure:7783: result: objdump
configure:7815: checking how to recognize dependent libraries
configure:8011: result: pass_all
configure:8071: checking for ar
configure:8087: found /usr/bin/ar
configure:8098: result: ar
configure:8176: checking for strip
configure:8192: found /usr/bin/strip
configure:8203: result: strip
configure:8275: checking for ranlib
configure:8291: found /usr/bin/ranlib
configure:8302: result: ranlib
configure:8392: checking command to parse /usr/bin/nm -B output from gcc object
configure:8510: gcc -c -g -O2  conftest.c >&5
configure:8513: $? = 0
configure:8517: /usr/bin/nm -B conftest.o \| sed -n -e 's/^.*[	 ]\([ABCDGIRSTW][ABCDGIRSTW]*\)[	 ][	 ]*\([_A-Za-z][_A-Za-z0-9]*\)$/\1 \2 \2/p' \> conftest.nm
configure:8520: $? = 0
configure:8574: gcc -o conftest -g -O2   conftest.c conftstm.o >&5
configure:8577: $? = 0
configure:8615: result: ok
configure:8710: gcc -c -g -O2  conftest.c >&5
configure:8713: $? = 0
configure:9420: checking for dlfcn.h
configure:9420: gcc -c -g -O2  conftest.c >&5
configure:9420: $? = 0
configure:9420: result: yes
configure:9604: checking for objdir
configure:9619: result: .libs
configure:9911: checking if gcc supports -fno-rtti -fno-exceptions
configure:9929: gcc -c -g -O2  -fno-rtti -fno-exceptions conftest.c >&5
cc1: warning: command line option "-fno-rtti" is valid for C++/ObjC++ but not for C
configure:9933: $? = 0
configure:9946: result: no
configure:9966: checking for gcc option to produce PIC
configure:10238: result: -fPIC -DPIC
configure:10250: checking if gcc PIC flag -fPIC -DPIC works
configure:10268: gcc -c -g -O2  -fPIC -DPIC -DPIC conftest.c >&5
configure:10272: $? = 0
configure:10285: result: yes
configure:10309: checking if gcc static flag -static works
configure:10337: result: yes
configure:10352: checking if gcc supports -c -o file.o
configure:10373: gcc -c -g -O2  -o out/conftest2.o conftest.c >&5
configure:10377: $? = 0
configure:10399: result: yes
configure:10407: checking if gcc supports -c -o file.o
configure:10454: result: yes
configure:10487: checking whether the gcc linker (/usr/bin/ld -m elf_x86_64) supports shared libraries
configure:11473: result: yes
configure:11510: checking whether -lc should be explicitly linked in
configure:11515: gcc -c -g -O2  conftest.c >&5
configure:11518: $? = 0
configure:11533: gcc -shared conftest.o  -v -Wl,-soname -Wl,conftest -o conftest 2\>\&1 \| /bin/grep  -lc  \>/dev/null 2\>\&1
configure:11536: $? = 0
configure:11548: result: no
configure:11712: checking dynamic linker characteristics
configure:12145: gcc -o conftest -g -O2   -Wl,-rpath -Wl,/foo conftest.c  >&5
configure:12145: $? = 0
configure:12363: result: GNU/Linux ld.so
configure:12465: checking how to hardcode library paths into programs
configure:12490: result: immediate
configure:13010: checking whether stripping libraries is possible
configure:13015: result: yes
configure:13050: checking if libtool supports shared libraries
configure:13052: result: yes
configure:13055: checking whether to build shared libraries
configure:13076: result: yes
configure:13079: checking whether to build static libraries
configure:13083: result: yes
configure:13170: checking for pkg-config
configure:13188: found /usr/bin/pkg-config
configure:13200: result: /usr/bin/pkg-config
configure:13225: checking pkg-config is at least version 0.9.0
configure:13228: result: yes
configure:13239: checking for GSANDIA
configure:13246: $PKG_CONFIG --exists --print-errors "gtk+-2.0 >= 2.8 libglade-2.0 >= 2.6.0 gconf-2.0"
configure:13249: $? = 0
configure:13262: $PKG_CONFIG --exists --print-errors "gtk+-2.0 >= 2.8 libglade-2.0 >= 2.6.0 gconf-2.0"
configure:13265: $? = 0
configure:13319: result: yes
configure:13343: checking gtk-doc version >= 1.0
configure:13346: result: yes
configure:13518: creating ./config.status

## ---------------------- ##
## Running config.status. ##
## ---------------------- ##

This file was extended by gsandia config.status 0.1, which was
generated by GNU Autoconf 2.64.  Invocation command line was

  CONFIG_FILES    = 
  CONFIG_HEADERS  = 
  CONFIG_LINKS    = 
  CONFIG_COMMANDS = 
  $ ./config.status 

on pavilion

config.status:1141: creating Makefile
config.status:1141: creating src/Makefile
config.status:1141: creating po/Makefile.in
config.status:1141: creating config.h
config.status:1361: executing depfiles commands
config.status:1361: executing default-1 commands
config.status:1361: executing libtool commands
config.status:1361: executing po/stamp-it commands

## ---------------- ##
## Cache variables. ##
## ---------------- ##

ac_cv_build=x86_64-unknown-linux-gnu
ac_cv_c_compiler_gnu=yes
ac_cv_env_CC_set=
ac_cv_env_CC_value=
ac_cv_env_CFLAGS_set=
ac_cv_env_CFLAGS_value=
ac_cv_env_CPPFLAGS_set=
ac_cv_env_CPPFLAGS_value=
ac_cv_env_CPP_set=
ac_cv_env_CPP_value=
ac_cv_env_GSANDIA_CFLAGS_set=
ac_cv_env_GSANDIA_CFLAGS_value=
ac_cv_env_GSANDIA_LIBS_set=
ac_cv_env_GSANDIA_LIBS_value=
ac_cv_env_LDFLAGS_set=
ac_cv_env_LDFLAGS_value=
ac_cv_env_LIBS_set=
ac_cv_env_LIBS_value=
ac_cv_env_PKG_CONFIG_set=
ac_cv_env_PKG_CONFIG_value=
ac_cv_env_build_alias_set=
ac_cv_env_build_alias_value=
ac_cv_env_host_alias_set=
ac_cv_env_host_alias_value=
ac_cv_env_target_alias_set=
ac_cv_env_target_alias_value=
ac_cv_func_bind_textdomain_codeset=yes
ac_cv_func_dcgettext=yes
ac_cv_header_dlfcn_h=yes
ac_cv_header_inttypes_h=yes
ac_cv_header_libintl_h=yes
ac_cv_header_locale_h=yes
ac_cv_header_memory_h=yes
ac_cv_header_stdc=yes
ac_cv_header_stdint_h=yes
ac_cv_header_stdlib_h=yes
ac_cv_header_string_h=yes
ac_cv_header_strings_h=yes
ac_cv_header_sys_stat_h=yes
ac_cv_header_sys_types_h=yes
ac_cv_header_unistd_h=yes
ac_cv_host=x86_64-unknown-linux-gnu
ac_cv_objext=o
ac_cv_path_EGREP='/bin/grep -E'
ac_cv_path_FGREP='/bin/grep -F'
ac_cv_path_GMSGFMT=/usr/bin/msgfmt
ac_cv_path_GREP=/bin/grep
ac_cv_path_INTLTOOL_EXTRACT=/usr/bin/intltool-extract
ac_cv_path_INTLTOOL_MERGE=/usr/bin/intltool-merge
ac_cv_path_INTLTOOL_PERL=/usr/bin/perl
ac_cv_path_INTLTOOL_UPDATE=/usr/bin/intltool-update
ac_cv_path_MSGFMT=/usr/bin/msgfmt
ac_cv_path_MSGMERGE=/usr/bin/msgmerge
ac_cv_path_SED=/bin/sed
ac_cv_path_XGETTEXT=/usr/bin/xgettext
ac_cv_path_ac_pt_PKG_CONFIG=/usr/bin/pkg-config
ac_cv_path_install='/bin/install -c'
ac_cv_path_mkdir=/bin/mkdir
ac_cv_prog_AWK=gawk
ac_cv_prog_CPP='gcc -E'
ac_cv_prog_ac_ct_AR=ar
ac_cv_prog_ac_ct_CC=gcc
ac_cv_prog_ac_ct_OBJDUMP=objdump
ac_cv_prog_ac_ct_RANLIB=ranlib
ac_cv_prog_ac_ct_STRIP=strip
ac_cv_prog_cc_c89=
ac_cv_prog_cc_g=yes
ac_cv_prog_make_make_set=yes
ac_cv_search_strerror='none required'
am_cv_CC_dependencies_compiler_type=gcc3
am_cv_prog_cc_stdc=
am_cv_val_LC_MESSAGES=yes
gt_cv_func_dgettext_libc=yes
gt_cv_func_dgettext_libintl=no
gt_cv_func_ngettext_libc=yes
gt_cv_have_gettext=yes
lt_cv_deplibs_check_method=pass_all
lt_cv_file_magic_cmd='$MAGIC_CMD'
lt_cv_file_magic_test_file=
lt_cv_ld_reload_flag=-r
lt_cv_nm_interface='BSD nm'
lt_cv_objdir=.libs
lt_cv_path_LD=/usr/bin/ld
lt_cv_path_NM='/usr/bin/nm -B'
lt_cv_prog_compiler_c_o=yes
lt_cv_prog_compiler_pic_works=yes
lt_cv_prog_compiler_rtti_exceptions=no
lt_cv_prog_compiler_static_works=yes
lt_cv_prog_gnu_ld=yes
lt_cv_sys_global_symbol_pipe='sed -n -e '\''s/^.*[	 ]\([ABCDGIRSTW][ABCDGIRSTW]*\)[	 ][	 ]*\([_A-Za-z][_A-Za-z0-9]*\)$/\1 \2 \2/p'\'''
lt_cv_sys_global_symbol_to_c_name_address='sed -n -e '\''s/^: \([^ ]*\) $/  {\"\1\", (void *) 0},/p'\'' -e '\''s/^[ABCDGIRSTW]* \([^ ]*\) \([^ ]*\)$/  {"\2", (void *) \&\2},/p'\'''
lt_cv_sys_global_symbol_to_c_name_address_lib_prefix='sed -n -e '\''s/^: \([^ ]*\) $/  {\"\1\", (void *) 0},/p'\'' -e '\''s/^[ABCDGIRSTW]* \([^ ]*\) \(lib[^ ]*\)$/  {"\2", (void *) \&\2},/p'\'' -e '\''s/^[ABCDGIRSTW]* \([^ ]*\) \([^ ]*\)$/  {"lib\2", (void *) \&\2},/p'\'''
lt_cv_sys_global_symbol_to_cdecl='sed -n -e '\''s/^T .* \(.*\)$/extern int \1();/p'\'' -e '\''s/^[ABCDGIRSTW]* .* \(.*\)$/extern char \1;/p'\'''
lt_cv_sys_max_cmd_len=1572864
pkg_cv_GSANDIA_CFLAGS='-DORBIT2=1 -pthread -I/usr/include/gtk-2.0 -I/usr/lib/gtk-2.0/include -I/usr/include/atk-1.0 -I/usr/include/cairo -I/usr/include/pango-1.0 -I/usr/include/glib-2.0 -I/usr/lib/glib-2.0/include -I/usr/include/pixman-1 -I/usr/include/freetype2 -I/usr/include/libpng12 -I/usr/include/libglade-2.0 -I/usr/include/libxml2 -I/usr/include/gconf/2 -I/usr/include/orbit-2.0 -I/usr/include/dbus-1.0 -I/usr/lib/dbus-1.0/include  '
pkg_cv_GSANDIA_LIBS='-lglade-2.0 -lgtk-x11-2.0 -lxml2 -lgdk-x11-2.0 -latk-1.0 -lgio-2.0 -lpangoft2-1.0 -lgdk_pixbuf-2.0 -lpangocairo-1.0 -lcairo -lpango-1.0 -lfreetype -lfontconfig -lgobject-2.0 -lgmodule-2.0 -lgconf-2 -lglib-2.0  '

## ----------------- ##
## Output variables. ##
## ----------------- ##

ACLOCAL='${SHELL} /home/jgblanco/coding/gsandia/missing --run aclocal-1.11'
ALL_LINGUAS=''
AMDEPBACKSLASH='\'
AMDEP_FALSE='#'
AMDEP_TRUE=''
AMTAR='${SHELL} /home/jgblanco/coding/gsandia/missing --run tar'
AR='ar'
AUTOCONF='${SHELL} /home/jgblanco/coding/gsandia/missing --run autoconf'
AUTOHEADER='${SHELL} /home/jgblanco/coding/gsandia/missing --run autoheader'
AUTOMAKE='${SHELL} /home/jgblanco/coding/gsandia/missing --run automake-1.11'
AWK='gawk'
CATALOGS=''
CATOBJEXT='.gmo'
CC='gcc'
CCDEPMODE='depmode=gcc3'
CFLAGS='-g -O2'
CPP='gcc -E'
CPPFLAGS=''
CYGPATH_W='echo'
DATADIRNAME='share'
DEFS='-DHAVE_CONFIG_H'
DEPDIR='.deps'
DSYMUTIL=''
DUMPBIN=''
ECHO_C=''
ECHO_N='-n'
ECHO_T=''
EGREP='/bin/grep -E'
ENABLE_GTK_DOC_FALSE='#'
ENABLE_GTK_DOC_TRUE=''
EXEEXT=''
FGREP='/bin/grep -F'
GETTEXT_PACKAGE='gsandia'
GMOFILES=''
GMSGFMT='/usr/bin/msgfmt'
GREP='/bin/grep'
GSANDIA_CFLAGS='-DORBIT2=1 -pthread -I/usr/include/gtk-2.0 -I/usr/lib/gtk-2.0/include -I/usr/include/atk-1.0 -I/usr/include/cairo -I/usr/include/pango-1.0 -I/usr/include/glib-2.0 -I/usr/lib/glib-2.0/include -I/usr/include/pixman-1 -I/usr/include/freetype2 -I/usr/include/libpng12 -I/usr/include/libglade-2.0 -I/usr/include/libxml2 -I/usr/include/gconf/2 -I/usr/include/orbit-2.0 -I/usr/include/dbus-1.0 -I/usr/lib/dbus-1.0/include  '
GSANDIA_LIBS='-lglade-2.0 -lgtk-x11-2.0 -lxml2 -lgdk-x11-2.0 -latk-1.0 -lgio-2.0 -lpangoft2-1.0 -lgdk_pixbuf-2.0 -lpangocairo-1.0 -lcairo -lpango-1.0 -lfreetype -lfontconfig -lgobject-2.0 -lgmodule-2.0 -lgconf-2 -lglib-2.0  '
HTML_DIR='${datadir}/gtk-doc/html'
INSTALL_DATA='${INSTALL} -m 644'
INSTALL_PROGRAM='${INSTALL}'
INSTALL_SCRIPT='${INSTALL}'
INSTALL_STRIP_PROGRAM='$(install_sh) -c -s'
INSTOBJEXT='.mo'
INTLLIBS=''
INTLTOOL_CAVES_RULE='%.caves:     %.caves.in     $(INTLTOOL_MERGE) $(wildcard $(top_srcdir)/po/*.po) ; LC_ALL=C $(INTLTOOL_MERGE) -d -u -c $(top_builddir)/po/.intltool-merge-cache $(top_srcdir)/po $< $@'
INTLTOOL_DESKTOP_RULE='%.desktop:   %.desktop.in   $(INTLTOOL_MERGE) $(wildcard $(top_srcdir)/po/*.po) ; LC_ALL=C $(INTLTOOL_MERGE) -d -u -c $(top_builddir)/po/.intltool-merge-cache $(top_srcdir)/po $< $@'
INTLTOOL_DIRECTORY_RULE='%.directory: %.directory.in $(INTLTOOL_MERGE) $(wildcard $(top_srcdir)/po/*.po) ; LC_ALL=C $(INTLTOOL_MERGE) -d -u -c $(top_builddir)/po/.intltool-merge-cache $(top_srcdir)/po $< $@'
INTLTOOL_EXTRACT='/usr/bin/intltool-extract'
INTLTOOL_KBD_RULE='%.kbd:       %.kbd.in       $(INTLTOOL_MERGE) $(wildcard $(top_srcdir)/po/*.po) ; LC_ALL=C $(INTLTOOL_MERGE) -x -u -m -c $(top_builddir)/po/.intltool-merge-cache $(top_srcdir)/po $< $@'
INTLTOOL_KEYS_RULE='%.keys:      %.keys.in      $(INTLTOOL_MERGE) $(wildcard $(top_srcdir)/po/*.po) ; LC_ALL=C $(INTLTOOL_MERGE) -k -u -c $(top_builddir)/po/.intltool-merge-cache $(top_srcdir)/po $< $@'
INTLTOOL_MERGE='/usr/bin/intltool-merge'
INTLTOOL_OAF_RULE='%.oaf:       %.oaf.in       $(INTLTOOL_MERGE) $(wildcard $(top_srcdir)/po/*.po) ; LC_ALL=C $(INTLTOOL_MERGE) -o -p $(top_srcdir)/po $< $@'
INTLTOOL_PERL='/usr/bin/perl'
INTLTOOL_POLICY_RULE='%.policy:    %.policy.in    $(INTLTOOL_MERGE) $(wildcard $(top_srcdir)/po/*.po) ; LC_ALL=C $(INTLTOOL_MERGE) -x -u -c $(top_builddir)/po/.intltool-merge-cache $(top_srcdir)/po $< $@'
INTLTOOL_PONG_RULE='%.pong:      %.pong.in      $(INTLTOOL_MERGE) $(wildcard $(top_srcdir)/po/*.po) ; LC_ALL=C $(INTLTOOL_MERGE) -x -u -c $(top_builddir)/po/.intltool-merge-cache $(top_srcdir)/po $< $@'
INTLTOOL_PROP_RULE='%.prop:      %.prop.in      $(INTLTOOL_MERGE) $(wildcard $(top_srcdir)/po/*.po) ; LC_ALL=C $(INTLTOOL_MERGE) -d -u -c $(top_builddir)/po/.intltool-merge-cache $(top_srcdir)/po $< $@'
INTLTOOL_SCHEMAS_RULE='%.schemas:   %.schemas.in   $(INTLTOOL_MERGE) $(wildcard $(top_srcdir)/po/*.po) ; LC_ALL=C $(INTLTOOL_MERGE) -s -u -c $(top_builddir)/po/.intltool-merge-cache $(top_srcdir)/po $< $@'
INTLTOOL_SERVER_RULE='%.server:    %.server.in    $(INTLTOOL_MERGE) $(wildcard $(top_srcdir)/po/*.po) ; LC_ALL=C $(INTLTOOL_MERGE) -o -u -c $(top_builddir)/po/.intltool-merge-cache $(top_srcdir)/po $< $@'
INTLTOOL_SERVICE_RULE='%.service: %.service.in   $(INTLTOOL_MERGE) $(wildcard $(top_srcdir)/po/*.po) ; LC_ALL=C $(INTLTOOL_MERGE) -d -u -c $(top_builddir)/po/.intltool-merge-cache $(top_srcdir)/po $< $@'
INTLTOOL_SHEET_RULE='%.sheet:     %.sheet.in     $(INTLTOOL_MERGE) $(wildcard $(top_srcdir)/po/*.po) ; LC_ALL=C $(INTLTOOL_MERGE) -x -u -c $(top_builddir)/po/.intltool-merge-cache $(top_srcdir)/po $< $@'
INTLTOOL_SOUNDLIST_RULE='%.soundlist: %.soundlist.in $(INTLTOOL_MERGE) $(wildcard $(top_srcdir)/po/*.po) ; LC_ALL=C $(INTLTOOL_MERGE) -d -u -c $(top_builddir)/po/.intltool-merge-cache $(top_srcdir)/po $< $@'
INTLTOOL_THEME_RULE='%.theme:     %.theme.in     $(INTLTOOL_MERGE) $(wildcard $(top_srcdir)/po/*.po) ; LC_ALL=C $(INTLTOOL_MERGE) -d -u -c $(top_builddir)/po/.intltool-merge-cache $(top_srcdir)/po $< $@'
INTLTOOL_UI_RULE='%.ui:        %.ui.in        $(INTLTOOL_MERGE) $(wildcard $(top_srcdir)/po/*.po) ; LC_ALL=C $(INTLTOOL_MERGE) -x -u -c $(top_builddir)/po/.intltool-merge-cache $(top_srcdir)/po $< $@'
INTLTOOL_UPDATE='/usr/bin/intltool-update'
INTLTOOL_XAM_RULE='%.xam:       %.xml.in       $(INTLTOOL_MERGE) $(wildcard $(top_srcdir)/po/*.po) ; LC_ALL=C $(INTLTOOL_MERGE) -x -u -c $(top_builddir)/po/.intltool-merge-cache $(top_srcdir)/po $< $@'
INTLTOOL_XML_NOMERGE_RULE='%.xml:       %.xml.in       $(INTLTOOL_MERGE) ; LC_ALL=C $(INTLTOOL_MERGE) -x -u /tmp $< $@'
INTLTOOL_XML_RULE='%.xml:       %.xml.in       $(INTLTOOL_MERGE) $(wildcard $(top_srcdir)/po/*.po) ; LC_ALL=C $(INTLTOOL_MERGE) -x -u -c $(top_builddir)/po/.intltool-merge-cache $(top_srcdir)/po $< $@'
LD='/usr/bin/ld -m elf_x86_64'
LDFLAGS=''
LIBOBJS=''
LIBS=''
LIBTOOL='$(SHELL) $(top_builddir)/libtool'
LIPO=''
LN_S='ln -s'
LTLIBOBJS=''
MAINT=''
MAINTAINER_MODE_FALSE='#'
MAINTAINER_MODE_TRUE=''
MAKEINFO='${SHELL} /home/jgblanco/coding/gsandia/missing --run makeinfo'
MKDIR_P='/bin/mkdir -p'
MKINSTALLDIRS='./mkinstalldirs'
MSGFMT='/usr/bin/msgfmt'
MSGFMT_OPTS='-c'
MSGMERGE='/usr/bin/msgmerge'
NM='/usr/bin/nm -B'
NMEDIT=''
OBJDUMP='objdump'
OBJEXT='o'
OTOOL64=''
OTOOL=''
PACKAGE='gsandia'
PACKAGE_BUGREPORT=''
PACKAGE_NAME='gsandia'
PACKAGE_STRING='gsandia 0.1'
PACKAGE_TARNAME='gsandia'
PACKAGE_URL=''
PACKAGE_VERSION='0.1'
PATH_SEPARATOR=':'
PKG_CONFIG='/usr/bin/pkg-config'
POFILES=''
POSUB='po'
PO_IN_DATADIR_FALSE=''
PO_IN_DATADIR_TRUE=''
RANLIB='ranlib'
SED='/bin/sed'
SET_MAKE=''
SHELL='/bin/sh'
STRIP='strip'
USE_NLS='yes'
VERSION='0.1'
XGETTEXT='/usr/bin/xgettext'
ac_ct_CC='gcc'
ac_ct_DUMPBIN=''
am__EXEEXT_FALSE=''
am__EXEEXT_TRUE='#'
am__fastdepCC_FALSE='#'
am__fastdepCC_TRUE=''
am__include='include'
am__isrc=''
am__leading_dot='.'
am__quote=''
am__tar='${AMTAR} chof - "$$tardir"'
am__untar='${AMTAR} xf -'
bindir='${exec_prefix}/bin'
build='x86_64-unknown-linux-gnu'
build_alias=''
build_cpu='x86_64'
build_os='linux-gnu'
build_vendor='unknown'
datadir='${datarootdir}'
datarootdir='${prefix}/share'
docdir='${datarootdir}/doc/${PACKAGE_TARNAME}'
dvidir='${docdir}'
exec_prefix='${prefix}'
host='x86_64-unknown-linux-gnu'
host_alias=''
host_cpu='x86_64'
host_os='linux-gnu'
host_vendor='unknown'
htmldir='${docdir}'
includedir='${prefix}/include'
infodir='${datarootdir}/info'
install_sh='${SHELL} /home/jgblanco/coding/gsandia/install-sh'
libdir='${exec_prefix}/lib'
libexecdir='${exec_prefix}/libexec'
localedir='${datarootdir}/locale'
localstatedir='${prefix}/var'
lt_ECHO='echo'
mandir='${datarootdir}/man'
mkdir_p='/bin/mkdir -p'
oldincludedir='/usr/include'
pdfdir='${docdir}'
prefix='/usr/local'
program_transform_name='s,x,x,'
psdir='${docdir}'
sbindir='${exec_prefix}/sbin'
sharedstatedir='${prefix}/com'
sysconfdir='${prefix}/etc'
target_alias=''

## ----------- ##
## confdefs.h. ##
## ----------- ##

/* confdefs.h */
#define PACKAGE_NAME "gsandia"
#define PACKAGE_TARNAME "gsandia"
#define PACKAGE_VERSION "0.1"
#define PACKAGE_STRING "gsandia 0.1"
#define PACKAGE_BUGREPORT ""
#define PACKAGE_URL ""
#define PACKAGE "gsandia"
#define VERSION "0.1"
#define STDC_HEADERS 1
#define GETTEXT_PACKAGE "gsandia"
#define HAVE_SYS_TYPES_H 1
#define HAVE_SYS_STAT_H 1
#define HAVE_STDLIB_H 1
#define HAVE_STRING_H 1
#define HAVE_MEMORY_H 1
#define HAVE_STRINGS_H 1
#define HAVE_INTTYPES_H 1
#define HAVE_STDINT_H 1
#define HAVE_UNISTD_H 1
#define HAVE_LOCALE_H 1
#define HAVE_LC_MESSAGES 1
#define HAVE_BIND_TEXTDOMAIN_CODESET 1
#define HAVE_GETTEXT 1
#define HAVE_DCGETTEXT 1
#define ENABLE_NLS 1
#define HAVE_DLFCN_H 1
#define LT_OBJDIR ".libs/"

configure: exit 0
